#
# There is insufficient memory for the Java Runtime Environment to continue.
# Native memory allocation (mmap) failed to map 16777216 bytes for G1 virtual space
# Possible reasons:
#   The system is out of physical RAM or swap space
#   The process is running with CompressedOops enabled, and the Java Heap may be blocking the growth of the native heap
# Possible solutions:
#   Reduce memory load on the system
#   Increase physical memory or swap space
#   Check if swap backing store is full
#   Decrease Java heap size (-Xmx/-Xms)
#   Decrease number of Java threads
#   Decrease Java thread stack sizes (-Xss)
#   Set larger code cache with -XX:ReservedCodeCacheSize=
#   JVM is running with Unscaled Compressed Oops mode in which the Java heap is
#     placed in the first 4GB address space. The Java Heap base address is the
#     maximum limit for the native heap growth. Please use -XX:HeapBaseMinAddress
#     to set the Java Heap base and to place the Java Heap above 4GB virtual address.
# This output file may be truncated or incomplete.
#
#  Out of Memory Error (os_windows.cpp:3466), pid=20840, tid=4192
#
# JRE version: Java(TM) SE Runtime Environment (16.0+36) (build 16+36-2231)
# Java VM: Java HotSpot(TM) 64-Bit Server VM (16+36-2231, mixed mode, sharing, tiered, compressed oops, g1 gc, windows-amd64)
# No core dump will be written. Minidumps are not enabled by default on client versions of Windows
#

---------------  S U M M A R Y ------------

Command Line: -Dapplication.home=C:\Program Files\Java\jdk-16 --add-modules=ALL-DEFAULT -Xms8m -Djdk.module.main=jdk.compiler jdk.compiler/com.sun.tools.javac.Main -d C:\Users\acer\Documents\NetBeansProjects\DataKaryawan\build\classes -classpath C:\Users\acer\Documents\NetBeansProjects\DataKaryawan\build\classes;C:\Users\acer\Documents\NetBeansProjects\mysql-connector-java-8.0.22\mysql-connector-java-8.0.22\mysql-connector-java-8.0.22.jar -sourcepath C:\Users\acer\Documents\NetBeansProjects\DataKaryawan\build\empty -target 16 -encoding UTF-8 -g -processorpath C:\Users\acer\Documents\NetBeansProjects\mysql-connector-java-8.0.22\mysql-connector-java-8.0.22\mysql-connector-java-8.0.22.jar;C:\Users\acer\Documents\NetBeansProjects\DataKaryawan\build\empty -s C:\Users\acer\Documents\NetBeansProjects\DataKaryawan\build\generated-sources\ap-source-output -source 16 C:\Users\acer\Documents\NetBeansProjects\DataKaryawan\src\datakaryawan\DataKaryawan.java C:\Users\acer\Documents\NetBeansProjects\DataKaryawan\src\datakaryawan\LihatAdd.java C:\Users\acer\Documents\NetBeansProjects\DataKaryawan\src\datakaryawan\LihatController.java C:\Users\acer\Documents\NetBeansProjects\DataKaryawan\src\datakaryawan\LihatControllers.java C:\Users\acer\Documents\NetBeansProjects\DataKaryawan\src\datakaryawan\LihatDetail.java C:\Users\acer\Documents\NetBeansProjects\DataKaryawan\src\datakaryawan\LihatModel.java C:\Users\acer\Documents\NetBeansProjects\DataKaryawan\src\datakaryawan\LihatUpdate.java C:\Users\acer\Documents\NetBeansProjects\DataKaryawan\src\datakaryawan\LihatView.java C:\Users\acer\Documents\NetBeansProjects\DataKaryawan\src\datakaryawan\MenuControl.java C:\Users\acer\Documents\NetBeansProjects\DataKaryawan\src\datakaryawan\MenuView.java

Host: AMD Ryzen 5 3550H with Radeon Vega Mobile Gfx  , 8 cores, 5G,  Windows 10 , 64 bit Build 19041 (10.0.19041.1023)
Time: Wed Jun 30 11:41:45 2021 SE Asia Standard Time elapsed time: 0.670501 seconds (0d 0h 0m 0s)

---------------  T H R E A D  ---------------

Current thread (0x0000018ad3df7b20):  VMThread "VM Thread" [stack: 0x00000010c4000000,0x00000010c4100000] [id=4192]

Stack: [0x00000010c4000000,0x00000010c4100000]
Native frames: (J=compiled Java code, j=interpreted, Vv=VM code, C=native code)
V  [jvm.dll+0x6681da]
V  [jvm.dll+0x7c9d99]
V  [jvm.dll+0x7cb4d3]
V  [jvm.dll+0x7cbb33]
V  [jvm.dll+0x242ee5]
V  [jvm.dll+0x664f99]
V  [jvm.dll+0x659b85]
V  [jvm.dll+0x2fbfcb]
V  [jvm.dll+0x3031c6]
V  [jvm.dll+0x352a0e]
V  [jvm.dll+0x352c3f]
V  [jvm.dll+0x2d3038]
V  [jvm.dll+0x2d0bc5]
V  [jvm.dll+0x2d01fc]
V  [jvm.dll+0x3152e2]
V  [jvm.dll+0x7cff2b]
V  [jvm.dll+0x7d0c24]
V  [jvm.dll+0x7d1129]
V  [jvm.dll+0x7d13e4]
V  [jvm.dll+0x7d14b0]
V  [jvm.dll+0x77952a]
V  [jvm.dll+0x667076]
C  [ucrtbase.dll+0x21bb2]
C  [KERNEL32.DLL+0x17034]
C  [ntdll.dll+0x52651]

VM_Operation (0x00000010c3afcd70): G1CollectForAllocation, mode: safepoint, requested by thread 0x0000018ab7152680


---------------  P R O C E S S  ---------------

Threads class SMR info:
_java_thread_list=0x0000018ad4dde000, length=13, elements={
0x0000018ab7152680, 0x0000018ad3dff6a0, 0x0000018ad3e00470, 0x0000018ad3e13c80,
0x0000018ad3e156a0, 0x0000018ad3e180c0, 0x0000018ad3e189d0, 0x0000018ad3e1ba20,
0x0000018ad3e1c370, 0x0000018ad3e1d0b0, 0x0000018ad49180b0, 0x0000018ad49830f0,
0x0000018ad4ea3070
}

Java Threads: ( => current thread )
  0x0000018ab7152680 JavaThread "main" [_thread_blocked, id=19956, stack(0x00000010c3a00000,0x00000010c3b00000)]
  0x0000018ad3dff6a0 JavaThread "Reference Handler" daemon [_thread_blocked, id=18884, stack(0x00000010c4100000,0x00000010c4200000)]
  0x0000018ad3e00470 JavaThread "Finalizer" daemon [_thread_blocked, id=16708, stack(0x00000010c4200000,0x00000010c4300000)]
  0x0000018ad3e13c80 JavaThread "Signal Dispatcher" daemon [_thread_blocked, id=9968, stack(0x00000010c4300000,0x00000010c4400000)]
  0x0000018ad3e156a0 JavaThread "Attach Listener" daemon [_thread_blocked, id=5936, stack(0x00000010c4400000,0x00000010c4500000)]
  0x0000018ad3e180c0 JavaThread "Service Thread" daemon [_thread_blocked, id=20264, stack(0x00000010c4500000,0x00000010c4600000)]
  0x0000018ad3e189d0 JavaThread "Monitor Deflation Thread" daemon [_thread_blocked, id=17500, stack(0x00000010c4600000,0x00000010c4700000)]
  0x0000018ad3e1ba20 JavaThread "C2 CompilerThread0" daemon [_thread_blocked, id=20808, stack(0x00000010c4700000,0x00000010c4800000)]
  0x0000018ad3e1c370 JavaThread "C1 CompilerThread0" daemon [_thread_blocked, id=9832, stack(0x00000010c4800000,0x00000010c4900000)]
  0x0000018ad3e1d0b0 JavaThread "Sweeper thread" daemon [_thread_blocked, id=20492, stack(0x00000010c4900000,0x00000010c4a00000)]
  0x0000018ad49180b0 JavaThread "Common-Cleaner" daemon [_thread_blocked, id=19716, stack(0x00000010c4a00000,0x00000010c4b00000)]
  0x0000018ad49830f0 JavaThread "Notification Thread" daemon [_thread_blocked, id=17488, stack(0x00000010c4b00000,0x00000010c4c00000)]
  0x0000018ad4ea3070 JavaThread "C2 CompilerThread1" daemon [_thread_blocked, id=4132, stack(0x00000010c5200000,0x00000010c5300000)]

Other Threads:
=>0x0000018ad3df7b20 VMThread "VM Thread" [stack: 0x00000010c4000000,0x00000010c4100000] [id=4192]
  0x0000018ad499e600 WatcherThread [stack: 0x00000010c4c00000,0x00000010c4d00000] [id=19880]
  0x0000018ab7187720 GCTaskThread "GC Thread#0" [stack: 0x00000010c3b00000,0x00000010c3c00000] [id=20932]
  0x0000018ad4b3e5f0 GCTaskThread "GC Thread#1" [stack: 0x00000010c4d00000,0x00000010c4e00000] [id=20512]
  0x0000018ad4c24e40 GCTaskThread "GC Thread#2" [stack: 0x00000010c4e00000,0x00000010c4f00000] [id=8644]
  0x0000018ad4c25150 GCTaskThread "GC Thread#3" [stack: 0x00000010c4f00000,0x00000010c5000000] [id=18492]
  0x0000018ad4c7f120 GCTaskThread "GC Thread#4" [stack: 0x00000010c5000000,0x00000010c5100000] [id=21416]
  0x0000018ad4d8b000 GCTaskThread "GC Thread#5" [stack: 0x00000010c5100000,0x00000010c5200000] [id=16388]
  0x0000018ad4f063c0 GCTaskThread "GC Thread#6" [stack: 0x00000010c5300000,0x00000010c5400000] [id=20100]
  0x0000018ab71955c0 ConcurrentGCThread "G1 Main Marker" [stack: 0x00000010c3c00000,0x00000010c3d00000] [id=21212]
  0x0000018ab7196760 ConcurrentGCThread "G1 Conc#0" [stack: 0x00000010c3d00000,0x00000010c3e00000] [id=20172]
  0x0000018ab71c0f40 ConcurrentGCThread "G1 Refine#0" [stack: 0x00000010c3e00000,0x00000010c3f00000] [id=10684]
  0x0000018ab71c1950 ConcurrentGCThread "G1 Service" [stack: 0x00000010c3f00000,0x00000010c4000000] [id=18500]

Threads with active compile tasks:
C2 CompilerThread0      681 1480   !   4       com.sun.tools.javac.jvm.ClassReader::classSigToType (497 bytes)
C1 CompilerThread0      681 1547       3       com.sun.tools.javac.comp.Resolve::checkRestrictedType (124 bytes)
C2 CompilerThread1      681 1543       4       com.sun.tools.javac.util.List::iterator (20 bytes)

VM state: at safepoint (normal execution)

VM Mutex/Monitor currently owned by a thread:  ([mutex/lock_event])
[0x0000018ab714f550] Threads_lock - owner thread: 0x0000018ad3df7b20
[0x0000018ab714ebc0] Heap_lock - owner thread: 0x0000018ab7152680

Heap address: 0x00000000a0e00000, size: 1522 MB, Compressed Oops mode: 32-bit
CDS archive(s) mapped at: [0x0000000800000000-0x0000000800bb0000-0x0000000800bb0000), size 12255232, SharedBaseAddress: 0x0000000800000000, ArchiveRelocationMode: 0.
Compressed class space mapped at: 0x0000000800c00000-0x0000000840c00000, reserved size: 1073741824
Narrow klass base: 0x0000000800000000, Narrow klass shift: 3, Narrow klass range: 0x100000000

GC Precious Log:
 CPUs: 8 total, 8 available
 Memory: 6082M
 Large Page Support: Disabled
 NUMA Support: Disabled
 Compressed Oops: Enabled (32-bit)
 Heap Region Size: 1M
 Heap Min Capacity: 8M
 Heap Initial Capacity: 8M
 Heap Max Capacity: 1522M
 Pre-touch: Disabled
 Parallel Workers: 8
 Concurrent Workers: 2
 Concurrent Refinement Workers: 8
 Periodic GC: Disabled

Heap:
 garbage-first heap   total 16384K, used 7900K [0x00000000a0e00000, 0x0000000100000000)
  region size 1024K, 1 young (1024K), 1 survivors (1024K)
 Metaspace       used 9296K, committed 9472K, reserved 1064960K
  class space    used 1034K, committed 1088K, reserved 1048576K

Heap Regions: E=young(eden), S=young(survivor), O=old, HS=humongous(starts), HC=humongous(continues), CS=collection set, F=free, OA=open archive, CA=closed archive, TAMS=top-at-mark-start (previous, next)
|   0|0x00000000a0e00000, 0x00000000a0f00000, 0x00000000a0f00000|100%| O|  |TAMS 0x00000000a0e00000, 0x00000000a0e00000| Untracked 
|   1|0x00000000a0f00000, 0x00000000a1000000, 0x00000000a1000000|100%| O|  |TAMS 0x00000000a0f00000, 0x00000000a0f00000| Untracked 
|   2|0x00000000a1000000, 0x00000000a1100000, 0x00000000a1100000|100%| O|  |TAMS 0x00000000a1000000, 0x00000000a1000000| Untracked 
|   3|0x00000000a1100000, 0x00000000a1200000, 0x00000000a1200000|100%| O|  |TAMS 0x00000000a1100000, 0x00000000a1100000| Untracked 
|   4|0x00000000a1200000, 0x00000000a1300000, 0x00000000a1300000|100%| O|  |TAMS 0x00000000a1200000, 0x00000000a1200000| Untracked 
|   5|0x00000000a1300000, 0x00000000a1400000, 0x00000000a1400000|100%| O|  |TAMS 0x00000000a1300000, 0x00000000a1300000| Untracked 
|   6|0x00000000a1400000, 0x00000000a14c8000, 0x00000000a1500000| 78%| O|  |TAMS 0x00000000a1400000, 0x00000000a1400000| Untracked 
|   7|0x00000000a1500000, 0x00000000a1500000, 0x00000000a1600000|  0%| F|  |TAMS 0x00000000a1500000, 0x00000000a1500000| Untracked 
|   8|0x00000000a1600000, 0x00000000a1600000, 0x00000000a1700000|  0%| F|  |TAMS 0x00000000a1600000, 0x00000000a1600000| Untracked 
|   9|0x00000000a1700000, 0x00000000a1700000, 0x00000000a1800000|  0%| F|  |TAMS 0x00000000a1700000, 0x00000000a1700000| Untracked 
|  10|0x00000000a1800000, 0x00000000a1800000, 0x00000000a1900000|  0%| F|  |TAMS 0x00000000a1800000, 0x00000000a1800000| Untracked 
|  11|0x00000000a1900000, 0x00000000a1900000, 0x00000000a1a00000|  0%| F|  |TAMS 0x00000000a1900000, 0x00000000a1900000| Untracked 
|  12|0x00000000a1a00000, 0x00000000a1aef3b0, 0x00000000a1b00000| 93%| S|CS|TAMS 0x00000000a1a00000, 0x00000000a1a00000| Complete 
|  13|0x00000000a1b00000, 0x00000000a1b00000, 0x00000000a1c00000|  0%| F|  |TAMS 0x00000000a1b00000, 0x00000000a1b00000| Untracked 
|  14|0x00000000a1c00000, 0x00000000a1c00000, 0x00000000a1d00000|  0%| F|  |TAMS 0x00000000a1c00000, 0x00000000a1c00000| Untracked 
|  15|0x00000000a1d00000, 0x00000000a1d00000, 0x00000000a1e00000|  0%| F|  |TAMS 0x00000000a1d00000, 0x00000000a1d00000| Untracked 

Card table byte_map: [0x0000018acdef0000,0x0000018ace1f0000] _byte_map_base: 0x0000018acd9e9000

Marking Bits (Prev, Next): (CMBitMap*) 0x0000018ab7187d20, (CMBitMap*) 0x0000018ab7187d60
 Prev Bits: [0x0000018ace4f0000, 0x0000018acfcb8000)
 Next Bits: [0x0000018acfcc0000, 0x0000018ad1488000)

Polling page: 0x0000018ab4ff0000

Metaspace:

Usage:
  Non-class:      8.07 MB used.
      Class:      1.01 MB used.
       Both:      9.08 MB used.

Virtual space:
  Non-class space:       16.00 MB reserved,       8.19 MB ( 51%) committed,  2 nodes.
      Class space:        1.00 GB reserved,       1.06 MB ( <1%) committed,  1 nodes.
              Both:        1.02 GB reserved,       9.25 MB ( <1%) committed. 

Chunk freelists:
   Non-Class:  1.91 MB
       Class:  2.89 MB
        Both:  4.80 MB

MaxMetaspaceSize: 17179869184.00 GB
CompressedClassSpaceSize: 1.00 GB
 - commit_granule_bytes: 65536.
 - commit_granule_words: 8192.
 - virtual_space_node_default_size: 1048576.
 - enlarge_chunks_in_place: 1.
 - new_chunks_are_fully_committed: 0.
 - uncommit_free_chunks: 1.
 - use_allocation_guard: 0.
 - handle_deallocations: 1.


Internal statistics:

num_allocs_failed_limit: 0.
num_arena_births: 74.
num_arena_deaths: 0.
num_vsnodes_births: 3.
num_vsnodes_deaths: 0.
num_space_committed: 148.
num_space_uncommitted: 0.
num_chunks_returned_to_freelist: 0.
num_chunks_taken_from_freelist: 398.
num_chunk_merges: 0.
num_chunk_splits: 265.
num_chunks_enlarged: 199.
num_purges: 0.

CodeHeap 'non-profiled nmethods': size=120000Kb used=495Kb max_used=495Kb free=119504Kb
 bounds [0x0000018ac6390000, 0x0000018ac6600000, 0x0000018acd8c0000]
CodeHeap 'profiled nmethods': size=120000Kb used=2883Kb max_used=2883Kb free=117116Kb
 bounds [0x0000018abee60000, 0x0000018abf140000, 0x0000018ac6390000]
CodeHeap 'non-nmethods': size=5760Kb used=1166Kb max_used=1187Kb free=4593Kb
 bounds [0x0000018abe8c0000, 0x0000018abeb30000, 0x0000018abee60000]
 total_blobs=1987 nmethods=1540 adapters=359
 compilation: enabled
              stopped_count=0, restarted_count=0
 full_count=0

Compilation events (20 events):
Event: 0.661 Thread 0x0000018ad3e1c370 nmethod 1535 0x0000018abf12cc90 code [0x0000018abf12ce20, 0x0000018abf12cf38]
Event: 0.661 Thread 0x0000018ad3e1c370 1536       3       java.util.HashMap::remove (26 bytes)
Event: 0.662 Thread 0x0000018ad3e1c370 nmethod 1536 0x0000018abf12d010 code [0x0000018abf12d1e0, 0x0000018abf12d558]
Event: 0.662 Thread 0x0000018ad3e1c370 1539       3       com.sun.tools.javac.code.Scope$ErrorScope::<init> (6 bytes)
Event: 0.662 Thread 0x0000018ad3e1c370 nmethod 1539 0x0000018abf12d690 code [0x0000018abf12d840, 0x0000018abf12da88]
Event: 0.662 Thread 0x0000018ad3e1c370 1537       3       java.util.HashMap::removeNode (291 bytes)
Event: 0.663 Thread 0x0000018ad3e1c370 nmethod 1537 0x0000018abf12db90 code [0x0000018abf12de20, 0x0000018abf12f1b8]
Event: 0.663 Thread 0x0000018ad3e1c370 1542       3       com.sun.tools.javac.tree.JCTree$JCVariableDecl::getTag (4 bytes)
Event: 0.663 Thread 0x0000018ad3e1c370 nmethod 1542 0x0000018abf12f690 code [0x0000018abf12f820, 0x0000018abf12f938]
Event: 0.663 Thread 0x0000018ad3e1c370 1541       3       com.sun.tools.javac.util.SharedNameTable$NameImpl::equals (43 bytes)
Event: 0.664 Thread 0x0000018ad4ea3070 nmethod 1489 0x0000018ac640b010 code [0x0000018ac640b1c0, 0x0000018ac640b798]
Event: 0.664 Thread 0x0000018ad3e1c370 nmethod 1541 0x0000018abf12fa10 code [0x0000018abf12fbe0, 0x0000018abf1301c8]
Event: 0.664 Thread 0x0000018ad4ea3070 1543       4       com.sun.tools.javac.util.List::iterator (20 bytes)
Event: 0.664 Thread 0x0000018ad3e1c370 1544       1       com.sun.tools.javac.util.Iterators$1::hasNext (2 bytes)
Event: 0.664 Thread 0x0000018ad3e1c370 nmethod 1544 0x0000018ac640ba90 code [0x0000018ac640bc20, 0x0000018ac640bcf8]
Event: 0.664 Thread 0x0000018ad3e1c370 1545       3       com.sun.tools.javac.tree.JCTree$JCClassDecl::getTag (4 bytes)
Event: 0.664 Thread 0x0000018ad3e1c370 nmethod 1545 0x0000018abf130310 code [0x0000018abf1304a0, 0x0000018abf1305b8]
Event: 0.664 Thread 0x0000018ad3e1c370 1546       3       com.sun.tools.javac.code.Kinds$KindSelector::of (46 bytes)
Event: 0.664 Thread 0x0000018ad3e1c370 nmethod 1546 0x0000018abf130690 code [0x0000018abf130840, 0x0000018abf130b18]
Event: 0.664 Thread 0x0000018ad3e1c370 1547       3       com.sun.tools.javac.comp.Resolve::checkRestrictedType (124 bytes)

GC Heap History (20 events):
Event: 0.293 GC heap after
{Heap after GC invocations=3 (full 0):
 garbage-first heap   total 8192K, used 1955K [0x00000000a0e00000, 0x0000000100000000)
  region size 1024K, 1 young (1024K), 1 survivors (1024K)
 Metaspace       used 5946K, committed 6080K, reserved 1064960K
  class space    used 684K, committed 768K, reserved 1048576K
}
Event: 0.336 GC heap before
{Heap before GC invocations=3 (full 0):
 garbage-first heap   total 8192K, used 2979K [0x00000000a0e00000, 0x0000000100000000)
  region size 1024K, 2 young (2048K), 1 survivors (1024K)
 Metaspace       used 6980K, committed 7168K, reserved 1064960K
  class space    used 820K, committed 896K, reserved 1048576K
}
Event: 0.338 GC heap after
{Heap after GC invocations=4 (full 0):
 garbage-first heap   total 8192K, used 2327K [0x00000000a0e00000, 0x0000000100000000)
  region size 1024K, 1 young (1024K), 1 survivors (1024K)
 Metaspace       used 6980K, committed 7168K, reserved 1064960K
  class space    used 820K, committed 896K, reserved 1048576K
}
Event: 0.395 GC heap before
{Heap before GC invocations=4 (full 0):
 garbage-first heap   total 8192K, used 3351K [0x00000000a0e00000, 0x0000000100000000)
  region size 1024K, 2 young (2048K), 1 survivors (1024K)
 Metaspace       used 7718K, committed 7872K, reserved 1064960K
  class space    used 865K, committed 960K, reserved 1048576K
}
Event: 0.396 GC heap after
{Heap after GC invocations=5 (full 0):
 garbage-first heap   total 10240K, used 2587K [0x00000000a0e00000, 0x0000000100000000)
  region size 1024K, 1 young (1024K), 1 survivors (1024K)
 Metaspace       used 7718K, committed 7872K, reserved 1064960K
  class space    used 865K, committed 960K, reserved 1048576K
}
Event: 0.442 GC heap before
{Heap before GC invocations=5 (full 0):
 garbage-first heap   total 10240K, used 4635K [0x00000000a0e00000, 0x0000000100000000)
  region size 1024K, 3 young (3072K), 1 survivors (1024K)
 Metaspace       used 8088K, committed 8256K, reserved 1064960K
  class space    used 906K, committed 1024K, reserved 1048576K
}
Event: 0.444 GC heap after
{Heap after GC invocations=6 (full 0):
 garbage-first heap   total 10240K, used 3269K [0x00000000a0e00000, 0x0000000100000000)
  region size 1024K, 1 young (1024K), 1 survivors (1024K)
 Metaspace       used 8088K, committed 8256K, reserved 1064960K
  class space    used 906K, committed 1024K, reserved 1048576K
}
Event: 0.507 GC heap before
{Heap before GC invocations=6 (full 0):
 garbage-first heap   total 10240K, used 5317K [0x00000000a0e00000, 0x0000000100000000)
  region size 1024K, 3 young (3072K), 1 survivors (1024K)
 Metaspace       used 8752K, committed 8960K, reserved 1064960K
  class space    used 992K, committed 1088K, reserved 1048576K
}
Event: 0.509 GC heap after
{Heap after GC invocations=7 (full 0):
 garbage-first heap   total 10240K, used 4096K [0x00000000a0e00000, 0x0000000100000000)
  region size 1024K, 1 young (1024K), 1 survivors (1024K)
 Metaspace       used 8752K, committed 8960K, reserved 1064960K
  class space    used 992K, committed 1088K, reserved 1048576K
}
Event: 0.519 GC heap before
{Heap before GC invocations=7 (full 0):
 garbage-first heap   total 10240K, used 5120K [0x00000000a0e00000, 0x0000000100000000)
  region size 1024K, 2 young (2048K), 1 survivors (1024K)
 Metaspace       used 8786K, committed 8960K, reserved 1064960K
  class space    used 995K, committed 1088K, reserved 1048576K
}
Event: 0.521 GC heap after
{Heap after GC invocations=8 (full 0):
 garbage-first heap   total 10240K, used 4351K [0x00000000a0e00000, 0x0000000100000000)
  region size 1024K, 1 young (1024K), 1 survivors (1024K)
 Metaspace       used 8786K, committed 8960K, reserved 1064960K
  class space    used 995K, committed 1088K, reserved 1048576K
}
Event: 0.523 GC heap before
{Heap before GC invocations=8 (full 0):
 garbage-first heap   total 10240K, used 5375K [0x00000000a0e00000, 0x0000000100000000)
  region size 1024K, 2 young (2048K), 1 survivors (1024K)
 Metaspace       used 8790K, committed 8960K, reserved 1064960K
  class space    used 995K, committed 1088K, reserved 1048576K
}
Event: 0.523 GC heap after
{Heap after GC invocations=9 (full 0):
 garbage-first heap   total 16384K, used 4379K [0x00000000a0e00000, 0x0000000100000000)
  region size 1024K, 1 young (1024K), 1 survivors (1024K)
 Metaspace       used 8790K, committed 8960K, reserved 1064960K
  class space    used 995K, committed 1088K, reserved 1048576K
}
Event: 0.581 GC heap before
{Heap before GC invocations=9 (full 0):
 garbage-first heap   total 16384K, used 8475K [0x00000000a0e00000, 0x0000000100000000)
  region size 1024K, 5 young (5120K), 1 survivors (1024K)
 Metaspace       used 9152K, committed 9280K, reserved 1064960K
  class space    used 1030K, committed 1088K, reserved 1048576K
}
Event: 0.583 GC heap after
{Heap after GC invocations=10 (full 0):
 garbage-first heap   total 16384K, used 5106K [0x00000000a0e00000, 0x0000000100000000)
  region size 1024K, 1 young (1024K), 1 survivors (1024K)
 Metaspace       used 9152K, committed 9280K, reserved 1064960K
  class space    used 1030K, committed 1088K, reserved 1048576K
}
Event: 0.598 GC heap before
{Heap before GC invocations=10 (full 0):
 garbage-first heap   total 16384K, used 10226K [0x00000000a0e00000, 0x0000000100000000)
  region size 1024K, 6 young (6144K), 1 survivors (1024K)
 Metaspace       used 9167K, committed 9280K, reserved 1064960K
  class space    used 1030K, committed 1088K, reserved 1048576K
}
Event: 0.601 GC heap after
{Heap after GC invocations=11 (full 0):
 garbage-first heap   total 16384K, used 5875K [0x00000000a0e00000, 0x0000000100000000)
  region size 1024K, 1 young (1024K), 1 survivors (1024K)
 Metaspace       used 9167K, committed 9280K, reserved 1064960K
  class space    used 1030K, committed 1088K, reserved 1048576K
}
Event: 0.624 GC heap before
{Heap before GC invocations=11 (full 0):
 garbage-first heap   total 16384K, used 8947K [0x00000000a0e00000, 0x0000000100000000)
  region size 1024K, 5 young (5120K), 1 survivors (1024K)
 Metaspace       used 9212K, committed 9344K, reserved 1064960K
  class space    used 1032K, committed 1088K, reserved 1048576K
}
Event: 0.627 GC heap after
{Heap after GC invocations=12 (full 0):
 garbage-first heap   total 16384K, used 6920K [0x00000000a0e00000, 0x0000000100000000)
  region size 1024K, 1 young (1024K), 1 survivors (1024K)
 Metaspace       used 9212K, committed 9344K, reserved 1064960K
  class space    used 1032K, committed 1088K, reserved 1048576K
}
Event: 0.665 GC heap before
{Heap before GC invocations=12 (full 0):
 garbage-first heap   total 16384K, used 9992K [0x00000000a0e00000, 0x0000000100000000)
  region size 1024K, 4 young (4096K), 1 survivors (1024K)
 Metaspace       used 9296K, committed 9472K, reserved 1064960K
  class space    used 1034K, committed 1088K, reserved 1048576K
}

Deoptimization events (20 events):
Event: 0.538 Thread 0x0000018ab7152680 Uncommon trap: trap_request=0xffffffbe fr.pc=0x0000018ac63eabf4 relative=0x0000000000000a94
Event: 0.538 Thread 0x0000018ab7152680 Uncommon trap: reason=profile_predicate action=maybe_recompile pc=0x0000018ac63eabf4 method=jdk.internal.jimage.ImageStringsReader.charsFromByteBuffer([CLjava/nio/ByteBuffer;)V @ 6 c2
Event: 0.538 Thread 0x0000018ab7152680 DEOPT PACKING pc=0x0000018ac63eabf4 sp=0x00000010c3afa620
Event: 0.538 Thread 0x0000018ab7152680 DEOPT UNPACKING pc=0x0000018abe90d72e sp=0x00000010c3afa4f8 mode 2
Event: 0.538 Thread 0x0000018ab7152680 Uncommon trap: trap_request=0xffffffbe fr.pc=0x0000018ac63e86e8 relative=0x0000000000000828
Event: 0.538 Thread 0x0000018ab7152680 Uncommon trap: reason=profile_predicate action=maybe_recompile pc=0x0000018ac63e86e8 method=jdk.internal.jimage.ImageStringsReader.charsFromByteBuffer([CLjava/nio/ByteBuffer;)V @ 6 c2
Event: 0.538 Thread 0x0000018ab7152680 DEOPT PACKING pc=0x0000018ac63e86e8 sp=0x00000010c3afa6a0
Event: 0.538 Thread 0x0000018ab7152680 DEOPT UNPACKING pc=0x0000018abe90d72e sp=0x00000010c3afa5f0 mode 2
Event: 0.540 Thread 0x0000018ab7152680 Uncommon trap: trap_request=0xffffff45 fr.pc=0x0000018ac63d2b00 relative=0x0000000000000060
Event: 0.540 Thread 0x0000018ab7152680 Uncommon trap: reason=unstable_if action=reinterpret pc=0x0000018ac63d2b00 method=com.sun.tools.javac.jvm.PoolReader.sizeof(I)I @ 1 c2
Event: 0.540 Thread 0x0000018ab7152680 DEOPT PACKING pc=0x0000018ac63d2b00 sp=0x00000010c3afe3e0
Event: 0.540 Thread 0x0000018ab7152680 DEOPT UNPACKING pc=0x0000018abe90d72e sp=0x00000010c3afe370 mode 2
Event: 0.578 Thread 0x0000018ab7152680 Uncommon trap: trap_request=0xffffffc6 fr.pc=0x0000018ac63dd688 relative=0x0000000000000528
Event: 0.578 Thread 0x0000018ab7152680 Uncommon trap: reason=bimorphic_or_optimized_type_check action=maybe_recompile pc=0x0000018ac63dd688 method=java.util.HashMap.getNode(Ljava/lang/Object;)Ljava/util/HashMap$Node; @ 128 c2
Event: 0.578 Thread 0x0000018ab7152680 DEOPT PACKING pc=0x0000018ac63dd688 sp=0x00000010c3afe130
Event: 0.578 Thread 0x0000018ab7152680 DEOPT UNPACKING pc=0x0000018abe90d72e sp=0x00000010c3afe068 mode 2
Event: 0.618 Thread 0x0000018ab7152680 Uncommon trap: trap_request=0xffffff45 fr.pc=0x0000018ac63f9568 relative=0x0000000000000048
Event: 0.618 Thread 0x0000018ab7152680 Uncommon trap: reason=unstable_if action=reinterpret pc=0x0000018ac63f9568 method=com.sun.tools.javac.util.ArrayUtils.ensureCapacity([BI)[B @ 3 c2
Event: 0.618 Thread 0x0000018ab7152680 DEOPT PACKING pc=0x0000018ac63f9568 sp=0x00000010c3afde50
Event: 0.618 Thread 0x0000018ab7152680 DEOPT UNPACKING pc=0x0000018abe90d72e sp=0x00000010c3afddc8 mode 2

Classes unloaded (0 events):
No events

Classes redefined (0 events):
No events

Internal exceptions (20 events):
Event: 0.397 Thread 0x0000018ab7152680 Exception <a 'sun/nio/fs/WindowsException'{0x00000000a17013c0}> (0x00000000a17013c0) 
thrown [t:\workspace\open\src\hotspot\share\prims\jni.cpp, line 579]
Event: 0.418 Thread 0x0000018ab7152680 Exception <a 'java/lang/NoSuchMethodError'{0x00000000a17dad78}: 'java.lang.Object java.lang.invoke.DirectMethodHandle$Holder.invokeVirtual(java.lang.Object, java.lang.Object, java.lang.Object, int, int)'> (0x00000000a17dad78) 
thrown [t:\workspace\open\src\hotspot\share\interpreter\linkResolver.cpp, line 790]
Event: 0.419 Thread 0x0000018ab7152680 Exception <a 'java/lang/NoSuchMethodError'{0x00000000a17e1ef8}: 'java.lang.Object java.lang.invoke.DirectMethodHandle$Holder.invokeVirtual(java.lang.Object, java.lang.Object, int)'> (0x00000000a17e1ef8) 
thrown [t:\workspace\open\src\hotspot\share\interpreter\linkResolver.cpp, line 790]
Event: 0.422 Thread 0x0000018ab7152680 Exception <a 'java/lang/NoSuchMethodError'{0x00000000a17fd000}: 'java.lang.Object java.lang.invoke.DirectMethodHandle$Holder.invokeSpecial(java.lang.Object, java.lang.Object, java.lang.Object, int, int)'> (0x00000000a17fd000) 
thrown [t:\workspace\open\src\hotspot\share\interpreter\linkResolver.cpp, line 790]
Event: 0.455 Thread 0x0000018ab7152680 Exception <a 'java/lang/NoSuchMethodError'{0x00000000a1732960}: 'java.lang.Object java.lang.invoke.DirectMethodHandle$Holder.invokeInterface(java.lang.Object, java.lang.Object)'> (0x00000000a1732960) 
thrown [t:\workspace\open\src\hotspot\share\interpreter\linkResolver.cpp, line 790]
Event: 0.498 Thread 0x0000018ab7152680 Exception <a 'java/lang/NoSuchMethodError'{0x00000000a16a73d8}: 'void java.lang.invoke.DirectMethodHandle$Holder.invokeStatic(java.lang.Object, java.lang.Object)'> (0x00000000a16a73d8) 
thrown [t:\workspace\open\src\hotspot\share\interpreter\linkResolver.cpp, line 790]
Event: 0.500 Thread 0x0000018ab7152680 Exception <a 'sun/nio/fs/WindowsException'{0x00000000a16b1ae0}> (0x00000000a16b1ae0) 
thrown [t:\workspace\open\src\hotspot\share\prims\jni.cpp, line 579]
Event: 0.500 Thread 0x0000018ab7152680 Exception <a 'sun/nio/fs/WindowsException'{0x00000000a16b1df8}> (0x00000000a16b1df8) 
thrown [t:\workspace\open\src\hotspot\share\prims\jni.cpp, line 579]
Event: 0.501 Thread 0x0000018ab7152680 Exception <a 'sun/nio/fs/WindowsException'{0x00000000a16b7b08}> (0x00000000a16b7b08) 
thrown [t:\workspace\open\src\hotspot\share\prims\jni.cpp, line 579]
Event: 0.501 Thread 0x0000018ab7152680 Exception <a 'sun/nio/fs/WindowsException'{0x00000000a16b7e08}> (0x00000000a16b7e08) 
thrown [t:\workspace\open\src\hotspot\share\prims\jni.cpp, line 579]
Event: 0.540 Thread 0x0000018ab7152680 Exception <a 'java/lang/NoSuchMethodError'{0x00000000a1decd28}: 'java.lang.Object java.lang.invoke.DirectMethodHandle$Holder.invokeStatic(java.lang.Object, java.lang.Object, int, int)'> (0x00000000a1decd28) 
thrown [t:\workspace\open\src\hotspot\share\interpreter\linkResolver.cpp, line 790]
Event: 0.541 Thread 0x0000018ab7152680 Exception <a 'java/lang/NoSuchMethodError'{0x00000000a1df9220}: 'int java.lang.invoke.DirectMethodHandle$Holder.invokeSpecial(java.lang.Object, java.lang.Object, java.lang.Object)'> (0x00000000a1df9220) 
thrown [t:\workspace\open\src\hotspot\share\interpreter\linkResolver.cpp, line 790]
Event: 0.577 Thread 0x0000018ab7152680 Exception <a 'sun/nio/fs/WindowsException'{0x00000000a1a0f738}> (0x00000000a1a0f738) 
thrown [t:\workspace\open\src\hotspot\share\prims\jni.cpp, line 579]
Event: 0.577 Thread 0x0000018ab7152680 Exception <a 'sun/nio/fs/WindowsException'{0x00000000a1a0fa20}> (0x00000000a1a0fa20) 
thrown [t:\workspace\open\src\hotspot\share\prims\jni.cpp, line 579]
Event: 0.577 Thread 0x0000018ab7152680 Exception <a 'sun/nio/fs/WindowsException'{0x00000000a1a10a58}> (0x00000000a1a10a58) 
thrown [t:\workspace\open\src\hotspot\share\prims\jni.cpp, line 579]
Event: 0.577 Thread 0x0000018ab7152680 Exception <a 'sun/nio/fs/WindowsException'{0x00000000a1a10d28}> (0x00000000a1a10d28) 
thrown [t:\workspace\open\src\hotspot\share\prims\jni.cpp, line 579]
Event: 0.591 Thread 0x0000018ab7152680 Exception <a 'sun/nio/fs/WindowsException'{0x00000000a1ce51d0}> (0x00000000a1ce51d0) 
thrown [t:\workspace\open\src\hotspot\share\prims\jni.cpp, line 579]
Event: 0.591 Thread 0x0000018ab7152680 Exception <a 'sun/nio/fs/WindowsException'{0x00000000a1ce54c0}> (0x00000000a1ce54c0) 
thrown [t:\workspace\open\src\hotspot\share\prims\jni.cpp, line 579]
Event: 0.591 Thread 0x0000018ab7152680 Exception <a 'sun/nio/fs/WindowsException'{0x00000000a1ce64f8}> (0x00000000a1ce64f8) 
thrown [t:\workspace\open\src\hotspot\share\prims\jni.cpp, line 579]
Event: 0.592 Thread 0x0000018ab7152680 Exception <a 'sun/nio/fs/WindowsException'{0x00000000a1ce67d8}> (0x00000000a1ce67d8) 
thrown [t:\workspace\open\src\hotspot\share\prims\jni.cpp, line 579]

Events (20 events):
Event: 0.509 Executing  VM operation: G1CollectForAllocation done
Event: 0.511 loading class java/nio/file/Files$2
Event: 0.511 loading class java/nio/file/Files$2 done
Event: 0.519 Executing  VM operation: G1CollectForAllocation
Event: 0.521 Executing  VM operation: G1CollectForAllocation done
Event: 0.523 Executing  VM operation: G1CollectForAllocation
Event: 0.523 Executing  VM operation: G1CollectForAllocation done
Event: 0.545 loading class jdk/internal/jimage/ImageReader$LinkNode
Event: 0.546 loading class jdk/internal/jimage/ImageReader$LinkNode done
Event: 0.546 Executing  VM operation: HandshakeAllThreads
Event: 0.546 Executing  VM operation: HandshakeAllThreads done
Event: 0.557 loading class java/lang/invoke/MethodHandle$1
Event: 0.557 loading class java/lang/invoke/MethodHandle$1 done
Event: 0.581 Executing  VM operation: G1CollectForAllocation
Event: 0.583 Executing  VM operation: G1CollectForAllocation done
Event: 0.598 Executing  VM operation: G1CollectForAllocation
Event: 0.601 Executing  VM operation: G1CollectForAllocation done
Event: 0.624 Executing  VM operation: G1CollectForAllocation
Event: 0.627 Executing  VM operation: G1CollectForAllocation done
Event: 0.665 Executing  VM operation: G1CollectForAllocation


Dynamic libraries:
0x00007ff735b10000 - 0x00007ff735b18000 	C:\Program Files\Java\jdk-16\bin\javac.exe
0x00007ffbc8570000 - 0x00007ffbc8765000 	C:\WINDOWS\SYSTEM32\ntdll.dll
0x00007ffbc7790000 - 0x00007ffbc784d000 	C:\WINDOWS\System32\KERNEL32.DLL
0x00007ffbc5dc0000 - 0x00007ffbc6088000 	C:\WINDOWS\System32\KERNELBASE.dll
0x00007ffbc64e0000 - 0x00007ffbc65e0000 	C:\WINDOWS\System32\ucrtbase.dll
0x00007ffba3c30000 - 0x00007ffba3c49000 	C:\Program Files\Java\jdk-16\bin\VCRUNTIME140.dll
0x00007ffbc2990000 - 0x00007ffbc29a8000 	C:\Program Files\Java\jdk-16\bin\jli.dll
0x00007ffbc70f0000 - 0x00007ffbc719c000 	C:\WINDOWS\System32\ADVAPI32.dll
0x00007ffbc6fa0000 - 0x00007ffbc703e000 	C:\WINDOWS\System32\msvcrt.dll
0x00007ffbc7500000 - 0x00007ffbc759b000 	C:\WINDOWS\System32\sechost.dll
0x00007ffbc72b0000 - 0x00007ffbc73db000 	C:\WINDOWS\System32\RPCRT4.dll
0x00007ffbc80c0000 - 0x00007ffbc8260000 	C:\WINDOWS\System32\USER32.dll
0x00007ffbc5d90000 - 0x00007ffbc5db2000 	C:\WINDOWS\System32\win32u.dll
0x00007ffbb1c30000 - 0x00007ffbb1eca000 	C:\WINDOWS\WinSxS\amd64_microsoft.windows.common-controls_6595b64144ccf1df_6.0.19041.1052_none_60b8f8fd71f5e8cb\COMCTL32.dll
0x00007ffbc8320000 - 0x00007ffbc834a000 	C:\WINDOWS\System32\GDI32.dll
0x00007ffbc63d0000 - 0x00007ffbc64db000 	C:\WINDOWS\System32\gdi32full.dll
0x00007ffbc6090000 - 0x00007ffbc612d000 	C:\WINDOWS\System32\msvcp_win.dll
0x00007ffbbe5a0000 - 0x00007ffbbe5aa000 	C:\WINDOWS\SYSTEM32\VERSION.dll
0x00007ffbc8090000 - 0x00007ffbc80c0000 	C:\WINDOWS\System32\IMM32.DLL
0x00007ffbb2370000 - 0x00007ffbb237c000 	C:\Program Files\Java\jdk-16\bin\vcruntime140_1.dll
0x00007ffb94990000 - 0x00007ffb94a21000 	C:\Program Files\Java\jdk-16\bin\msvcp140.dll
0x00007ffb6f480000 - 0x00007ffb7002b000 	C:\Program Files\Java\jdk-16\bin\server\jvm.dll
0x00007ffbc7270000 - 0x00007ffbc7278000 	C:\WINDOWS\System32\PSAPI.DLL
0x00007ffbc0f20000 - 0x00007ffbc0f29000 	C:\WINDOWS\SYSTEM32\WSOCK32.dll
0x00007ffbbb660000 - 0x00007ffbbb687000 	C:\WINDOWS\SYSTEM32\WINMM.dll
0x00007ffbc7cc0000 - 0x00007ffbc7d2b000 	C:\WINDOWS\System32\WS2_32.dll
0x00007ffbc3b20000 - 0x00007ffbc3b32000 	C:\WINDOWS\SYSTEM32\kernel.appcore.dll
0x00007ffba3ed0000 - 0x00007ffba3eda000 	C:\Program Files\Java\jdk-16\bin\jimage.dll
0x00007ffbbe860000 - 0x00007ffbbea44000 	C:\WINDOWS\SYSTEM32\DBGHELP.DLL
0x00007ffbb28f0000 - 0x00007ffbb291c000 	C:\WINDOWS\SYSTEM32\dbgcore.DLL
0x00007ffbc5d00000 - 0x00007ffbc5d83000 	C:\WINDOWS\System32\bcryptPrimitives.dll
0x00007ffb9f1d0000 - 0x00007ffb9f1f5000 	C:\Program Files\Java\jdk-16\bin\java.dll
0x00007ffbc6860000 - 0x00007ffbc6f9f000 	C:\WINDOWS\System32\SHELL32.dll
0x00007ffbc3e00000 - 0x00007ffbc4590000 	C:\WINDOWS\SYSTEM32\windows.storage.dll
0x00007ffbc7d30000 - 0x00007ffbc8085000 	C:\WINDOWS\System32\combase.dll
0x00007ffbc5650000 - 0x00007ffbc567c000 	C:\WINDOWS\SYSTEM32\Wldp.dll
0x00007ffbc7040000 - 0x00007ffbc70ee000 	C:\WINDOWS\System32\SHCORE.dll
0x00007ffbc82c0000 - 0x00007ffbc8315000 	C:\WINDOWS\System32\shlwapi.dll
0x00007ffbc5bf0000 - 0x00007ffbc5c0f000 	C:\WINDOWS\SYSTEM32\profapi.dll
0x00007ffb9d320000 - 0x00007ffb9d339000 	C:\Program Files\Java\jdk-16\bin\net.dll
0x00007ffbbb870000 - 0x00007ffbbb97b000 	C:\WINDOWS\SYSTEM32\WINHTTP.dll
0x00007ffbc53c0000 - 0x00007ffbc542a000 	C:\WINDOWS\system32\mswsock.dll
0x00007ffb9cf90000 - 0x00007ffb9cfa3000 	C:\Program Files\Java\jdk-16\bin\nio.dll
0x00007ffb9a6a0000 - 0x00007ffb9a6b8000 	C:\Program Files\Java\jdk-16\bin\zip.dll

dbghelp: loaded successfully - version: 4.0.5 - missing functions: none
symbol engine: initialized successfully - sym options: 0x614 - pdb path: .;C:\Program Files\Java\jdk-16\bin;C:\WINDOWS\SYSTEM32;C:\WINDOWS\WinSxS\amd64_microsoft.windows.common-controls_6595b64144ccf1df_6.0.19041.1052_none_60b8f8fd71f5e8cb;C:\Program Files\Java\jdk-16\bin\server

VM Arguments:
jvm_args: -Dapplication.home=C:\Program Files\Java\jdk-16 --add-modules=ALL-DEFAULT -Xms8m -Djdk.module.main=jdk.compiler 
java_command: jdk.compiler/com.sun.tools.javac.Main -d C:\Users\acer\Documents\NetBeansProjects\DataKaryawan\build\classes -classpath C:\Users\acer\Documents\NetBeansProjects\DataKaryawan\build\classes;C:\Users\acer\Documents\NetBeansProjects\mysql-connector-java-8.0.22\mysql-connector-java-8.0.22\mysql-connector-java-8.0.22.jar -sourcepath C:\Users\acer\Documents\NetBeansProjects\DataKaryawan\build\empty -target 16 -encoding UTF-8 -g -processorpath C:\Users\acer\Documents\NetBeansProjects\mysql-connector-java-8.0.22\mysql-connector-java-8.0.22\mysql-connector-java-8.0.22.jar;C:\Users\acer\Documents\NetBeansProjects\DataKaryawan\build\empty -s C:\Users\acer\Documents\NetBeansProjects\DataKaryawan\build\generated-sources\ap-source-output -source 16 C:\Users\acer\Documents\NetBeansProjects\DataKaryawan\src\datakaryawan\DataKaryawan.java C:\Users\acer\Documents\NetBeansProjects\DataKaryawan\src\datakaryawan\LihatAdd.java C:\Users\acer\Documents\NetBeansProjects\DataKaryawan\src\datakaryawan\LihatController.java C:\Users\acer\Documents\NetBeansProjects\DataKaryawan\src\datakaryawan\LihatControllers.java C:\Users\acer\Documents\NetBeansProjects\DataKaryawan\src\datakaryawan\LihatDetail.java C:\Users\acer\Documents\NetBeansProjects\DataKaryawan\src\datakaryawan\LihatModel.java C:\Users\acer\Documents\NetBeansProjects\DataKaryawan\src\datakaryawan\LihatUpdate.java C:\Users\acer\Documents\NetBeansProjects\DataKaryawan\src\datakaryawan\LihatView.java C:\Users\acer\Documents\NetBeansProjects\DataKaryawan\src\datakaryawan\MenuControl.java C:\Users\acer\Documents\NetBeansProjects\DataKaryawan\src\datakaryawan\MenuView.java
java_class_path (initial): <not set>
Launcher Type: SUN_STANDARD

[Global flags]
     intx CICompilerCount                          = 4                                         {product} {ergonomic}
     uint ConcGCThreads                            = 2                                         {product} {ergonomic}
     uint G1ConcRefinementThreads                  = 8                                         {product} {ergonomic}
   size_t G1HeapRegionSize                         = 1048576                                   {product} {ergonomic}
    uintx GCDrainStackTargetSize                   = 64                                        {product} {ergonomic}
   size_t InitialHeapSize                          = 8388608                                   {product} {command line}
   size_t MarkStackSize                            = 4194304                                   {product} {ergonomic}
   size_t MaxHeapSize                              = 1595932672                                {product} {ergonomic}
   size_t MaxNewSize                               = 957349888                                 {product} {ergonomic}
   size_t MinHeapDeltaBytes                        = 1048576                                   {product} {ergonomic}
   size_t MinHeapSize                              = 8388608                                   {product} {command line}
    uintx NonNMethodCodeHeapSize                   = 5839372                                {pd product} {ergonomic}
    uintx NonProfiledCodeHeapSize                  = 122909434                              {pd product} {ergonomic}
    uintx ProfiledCodeHeapSize                     = 122909434                              {pd product} {ergonomic}
    uintx ReservedCodeCacheSize                    = 251658240                              {pd product} {ergonomic}
     bool SegmentedCodeCache                       = true                                      {product} {ergonomic}
   size_t SoftMaxHeapSize                          = 1595932672                             {manageable} {ergonomic}
     bool UseCompressedClassPointers               = true                           {product lp64_product} {ergonomic}
     bool UseCompressedOops                        = true                           {product lp64_product} {ergonomic}
     bool UseG1GC                                  = true                                      {product} {ergonomic}
     bool UseLargePagesIndividualAllocation        = false                                  {pd product} {ergonomic}

Logging:
Log output configuration:
 #0: stdout all=warning uptime,level,tags
 #1: stderr all=off uptime,level,tags

Environment Variables:
PATH=C:\Program Files (x86)\Common Files\Intel\Shared Libraries\redist\intel64\compiler;C:\Program Files\Common Files\Oracle\Java\javapath;C:\Program Files (x86)\Common Files\Intel\Shared Files\cpp\bin\Intel64;C:\Program Files (x86)\Geany\MinGW\bin;C:\WINDOWS\system32;C:\WINDOWS;C:\WINDOWS\System32\Wbem;C:\WINDOWS\System32\WindowsPowerShell\v1.0\;C:\WINDOWS\System32\OpenSSH\;C:\Program Files\Git\cmd;C:\Program Files\Polyspace\R2019a\runtime\win64;C:\Program Files\Polyspace\R2019a\bin;C:\Program Files\Polyspace\R2019a\polyspace\bin;C:\Users\acer\AppData\Local\Microsoft\WindowsApps;C:\Users\acer\AppData\Local\Programs\Microsoft VS Code\bin;C:\Users\acer\AppData\Local\GitHubDesktop\bin;C:\Program Files\JetBrains\PyCharm Community Edition 2021.1.2\bin;
USERNAME=acer
OS=Windows_NT
PROCESSOR_IDENTIFIER=AMD64 Family 23 Model 24 Stepping 1, AuthenticAMD



---------------  S Y S T E M  ---------------

OS:
 Windows 10 , 64 bit Build 19041 (10.0.19041.1023)
OS uptime: 0 days 4:46 hours

CPU: total 8 (initial active 8) (8 cores per cpu, 2 threads per core) family 23 model 24 stepping 1 microcode 0x0, cx8, cmov, fxsr, ht, mmx, 3dnowpref, sse, sse2, sse3, ssse3, sse4a, sse4.1, sse4.2, popcnt, lzcnt, tsc, tscinvbit, avx, avx2, aes, clmul, bmi1, bmi2, adx, sha, fma, vzeroupper, clflush, clflushopt

Memory: 4k page, system-wide physical 6082M (470M free)
TotalPageFile size 22282M (AvailPageFile size 17M)
current process WorkingSet (physical memory assigned to process): 78M, peak: 78M
current process commit charge ("private bytes"): 113M, peak: 129M

vm_info: Java HotSpot(TM) 64-Bit Server VM (16+36-2231) for windows-amd64 JRE (16+36-2231), built on Feb  8 2021 11:43:10 by "mach5one" with MS VC++ 16.7 (VS2019)

END.
